[debug] [2018-06-25T23:37:33.767Z] ----------------------------------------------------------------------
[debug] [2018-06-25T23:37:33.767Z] Command:       C:\Program Files\nodejs\node.exe C:\Users\Hedgie\AppData\Roaming\npm\node_modules\firebase-tools\bin\firebase serve
[debug] [2018-06-25T23:37:33.767Z] CLI Version:   3.18.6
[debug] [2018-06-25T23:37:33.767Z] Platform:      win32
[debug] [2018-06-25T23:37:33.767Z] Node Version:  v8.11.2
[debug] [2018-06-25T23:37:33.767Z] Time:          Mon Jun 25 2018 19:37:33 GMT-0400 (Eastern Daylight Time)
[debug] [2018-06-25T23:37:33.767Z] ----------------------------------------------------------------------
[debug] 
[debug] [2018-06-25T23:37:33.783Z] > command requires scopes: ["email","openid","https://www.googleapis.com/auth/cloudplatformprojects.readonly","https://www.googleapis.com/auth/firebase","https://www.googleapis.com/auth/cloud-platform"]
[debug] [2018-06-25T23:37:33.783Z] > authorizing via signed-in user
[debug] [2018-06-25T23:37:33.798Z] >>> HTTP REQUEST GET https://admin.firebase.com/v1/projects/contactform-1be84  
  
 Mon Jun 25 2018 19:37:33 GMT-0400 (Eastern Daylight Time)
[debug] [2018-06-25T23:37:34.143Z] <<< HTTP RESPONSE 200
[debug] [2018-06-25T23:37:34.143Z] >>> HTTP REQUEST GET https://admin.firebase.com/v1/database/contactform-1be84/tokens  
  
 Mon Jun 25 2018 19:37:34 GMT-0400 (Eastern Daylight Time)
[debug] [2018-06-25T23:37:34.448Z] <<< HTTP RESPONSE 200
[debug] [2018-06-25T23:37:34.464Z] >>> HTTP REQUEST GET https://cloudresourcemanager.googleapis.com/v1/projects/contactform-1be84  
  
 Mon Jun 25 2018 19:37:34 GMT-0400 (Eastern Daylight Time)
[debug] [2018-06-25T23:37:34.675Z] <<< HTTP RESPONSE 200
[info] 
[info] === Serving from 'C:\Users\Hedgie\Documents\GitHub\art_festival_webapp\ArtFest'...
[info] 
[debug] [2018-06-25T23:37:34.675Z] >>> HTTP REQUEST GET https://mobilesdk-pa.googleapis.com/v1/projects/861580409827/clients/_:getWebAppConfig  
  
 Mon Jun 25 2018 19:37:34 GMT-0400 (Eastern Daylight Time)
[debug] [2018-06-25T23:37:34.941Z] <<< HTTP RESPONSE 200
[info] i  hosting: Serving hosting files from: public
[info] +  hosting: Local server: http://localhost:5000

