[debug] [2018-06-11T22:19:38.773Z] ----------------------------------------------------------------------
[debug] [2018-06-11T22:19:38.773Z] Command:       C:\Program Files\nodejs\node.exe C:\Users\Hedgie\AppData\Roaming\npm\node_modules\firebase-tools\bin\firebase serve
[debug] [2018-06-11T22:19:38.773Z] CLI Version:   3.18.6
[debug] [2018-06-11T22:19:38.773Z] Platform:      win32
[debug] [2018-06-11T22:19:38.773Z] Node Version:  v8.11.2
[debug] [2018-06-11T22:19:38.773Z] Time:          Mon Jun 11 2018 18:19:38 GMT-0400 (Eastern Daylight Time)
[debug] [2018-06-11T22:19:38.773Z] ----------------------------------------------------------------------
[debug] 
[debug] [2018-06-11T22:19:38.804Z] > command requires scopes: ["email","openid","https://www.googleapis.com/auth/cloudplatformprojects.readonly","https://www.googleapis.com/auth/firebase","https://www.googleapis.com/auth/cloud-platform"]
[debug] [2018-06-11T22:19:38.804Z] > authorizing via signed-in user
[debug] [2018-06-11T22:19:38.804Z] > refreshing access token with scopes: ["email","https://www.googleapis.com/auth/cloud-platform","https://www.googleapis.com/auth/cloudplatformprojects.readonly","https://www.googleapis.com/auth/firebase","openid"]
[debug] [2018-06-11T22:19:38.804Z] >>> HTTP REQUEST POST https://www.googleapis.com/oauth2/v3/token  
 { refresh_token: '1/qKlENQMoOTBVBU4ElJCrTEZP7usJvXOd6zMReiUldT8',
  client_id: '563584335869-fgrhgmd47bqnekij5i8b5pr03ho849e6.apps.googleusercontent.com',
  client_secret: 'j9iVZfS8kkCEFUPaAeJV0sAi',
  grant_type: 'refresh_token',
  scope: 'email https://www.googleapis.com/auth/cloud-platform https://www.googleapis.com/auth/cloudplatformprojects.readonly https://www.googleapis.com/auth/firebase openid' } 
 Mon Jun 11 2018 18:19:38 GMT-0400 (Eastern Daylight Time)
[debug] [2018-06-11T22:19:39.270Z] <<< HTTP RESPONSE 200
[debug] [2018-06-11T22:19:39.290Z] >>> HTTP REQUEST GET https://admin.firebase.com/v1/projects/contactform-1be84  
  
 Mon Jun 11 2018 18:19:39 GMT-0400 (Eastern Daylight Time)
[debug] [2018-06-11T22:19:39.726Z] <<< HTTP RESPONSE 200
[debug] [2018-06-11T22:19:39.726Z] >>> HTTP REQUEST GET https://admin.firebase.com/v1/database/contactform-1be84/tokens  
  
 Mon Jun 11 2018 18:19:39 GMT-0400 (Eastern Daylight Time)
[debug] [2018-06-11T22:19:40.276Z] <<< HTTP RESPONSE 200
[debug] [2018-06-11T22:19:40.276Z] >>> HTTP REQUEST GET https://cloudresourcemanager.googleapis.com/v1/projects/contactform-1be84  
  
 Mon Jun 11 2018 18:19:40 GMT-0400 (Eastern Daylight Time)
[debug] [2018-06-11T22:19:40.683Z] <<< HTTP RESPONSE 200
[info] 
[info] === Serving from 'C:\Users\Hedgie\Documents\GitHub\art_festival_webapp\ArtFest'...
[info] 
[debug] [2018-06-11T22:19:40.699Z] >>> HTTP REQUEST GET https://mobilesdk-pa.googleapis.com/v1/projects/861580409827/clients/_:getWebAppConfig  
  
 Mon Jun 11 2018 18:19:40 GMT-0400 (Eastern Daylight Time)
[debug] [2018-06-11T22:19:41.403Z] <<< HTTP RESPONSE 200
[info] i  hosting: Serving hosting files from: public
[info] +  hosting: Local server: http://localhost:5000

